0 info it worked if it ends with ok
1 verbose cli [ '/usr/bin/nodejs', '/usr/bin/npm', 'start' ]
2 info using npm@3.5.2
3 info using node@v4.2.6
4 verbose run-script [ 'prestart', 'start', 'poststart' ]
5 info lifecycle walkstars@0.0.1~prestart: walkstars@0.0.1
6 silly lifecycle walkstars@0.0.1~prestart: no script for prestart, continuing
7 info lifecycle walkstars@0.0.1~start: walkstars@0.0.1
8 verbose lifecycle walkstars@0.0.1~start: unsafe-perm in lifecycle true
9 verbose lifecycle walkstars@0.0.1~start: PATH: /usr/share/npm/bin/node-gyp-bin:/mnt/c/Dev/GitHub/WalkStars/node_modules/.bin:/usr/local/sbin:/usr/local/bin:/usr/sbin:/usr/bin:/sbin:/bin:/usr/games:/usr/local/games:/mnt/c/Users/avery/cmder/vendor/conemu-maximus5/ConEmu/Scripts:/mnt/c/Users/avery/cmder/vendor/conemu-maximus5:/mnt/c/Users/avery/cmder/vendor/conemu-maximus5/ConEmu:/mnt/c/Users/avery/AppData/Local/atom/bin:/mnt/c/Windows/SysWOW64:/mnt/c/Windows/Microsoft.NET/Framework/v4.0.30319:/mnt/c/Program Files/Git/cmd:/mnt/c/Program Files/CMake/bin:/mnt/c/Users/avery/ctags58:/mnt/c/Users/avery/AppData/Roaming/itch/bin:/mnt/c/Program Files/nodejs:/mnt/c/Program Files (x86)/Microsoft Visual Studio 14.0:/mnt/c/Program Files/ripgrep:/mnt/c/Users/avery/Anaconda3:/mnt/c/Users/avery/Anaconda3/Scripts:/mnt/c/Users/avery/Anaconda3/Library/bin:/mnt/c/Users/avery/AppData/Local/Microsoft/WindowsApps:/mnt/c/Users/avery/AppData/Roaming/npm
10 verbose lifecycle walkstars@0.0.1~start: CWD: /mnt/c/Dev/GitHub/WalkStars
11 silly lifecycle walkstars@0.0.1~start: Args: [ '-c', 'node server.js' ]
12 info lifecycle walkstars@0.0.1~start: Failed to exec start script
13 verbose stack Error: walkstars@0.0.1 start: `node server.js`
13 verbose stack spawn ENOENT
13 verbose stack     at ChildProcess.<anonymous> (/usr/share/npm/lib/utils/spawn.js:17:16)
13 verbose stack     at emitTwo (events.js:87:13)
13 verbose stack     at ChildProcess.emit (events.js:172:7)
13 verbose stack     at maybeClose (internal/child_process.js:821:16)
13 verbose stack     at Process.ChildProcess._handle.onexit (internal/child_process.js:211:5)
14 verbose pkgid walkstars@0.0.1
15 verbose cwd /mnt/c/Dev/GitHub/WalkStars
16 error Linux 4.4.0-43-Microsoft
17 error argv "/usr/bin/nodejs" "/usr/bin/npm" "start"
18 error node v4.2.6
19 error npm  v3.5.2
20 error file sh
21 error code ELIFECYCLE
22 error errno ENOENT
23 error syscall spawn
24 error walkstars@0.0.1 start: `node server.js`
24 error spawn ENOENT
25 error Failed at the walkstars@0.0.1 start script 'node server.js'.
25 error Make sure you have the latest version of node.js and npm installed.
25 error If you do, this is most likely a problem with the walkstars package,
25 error not with npm itself.
25 error Tell the author that this fails on your system:
25 error     node server.js
25 error You can get information on how to open an issue for this project with:
25 error     npm bugs walkstars
25 error Or if that isn't available, you can get their info via:
25 error     npm owner ls walkstars
25 error There is likely additional logging output above.
26 verbose exit [ 1, true ]
